Using pre-set license
Built from '2020.2/release' branch; Version is '2020.2.2f1 (068178b99f32) revision 426360'; Using compiler version '192528614'; Build Type 'Release'
OS: 'Windows 10 Home; OS build 19042.1110; Version 2009; 64bit' Language: 'en' Physical Memory: 30597 MB
BatchMode: 1, IsHumanControllingUs: 0, StartBugReporterOnCrash: 0, Is64bit: 1, IsPro: 0

 COMMAND LINE ARGUMENTS:
C:\Program Files\Unity\Hub\Editor\2020.2.2f1\Editor\Unity.exe
-adb2
-batchMode
-noUpm
-name
AssetImportWorker0
-projectPath
D:/UnityProject/GitHubFiles/RagManGame
-logFile
Logs/AssetImportWorker0.log
-srvPort
56183
Successfully changed project path to: D:/UnityProject/GitHubFiles/RagManGame
D:/UnityProject/GitHubFiles/RagManGame
Using Asset Import Pipeline V2.
Refreshing native plugins compatible for Editor in 44.74 ms, found 0 plugins.
Preloading 0 native plugins for Editor in 0.00 ms.
Initialize engine version: 2020.2.2f1 (068178b99f32)
[Subsystems] Discovering subsystems at path C:/Program Files/Unity/Hub/Editor/2020.2.2f1/Editor/Data/Resources/UnitySubsystems
[Subsystems] Discovering subsystems at path D:/UnityProject/GitHubFiles/RagManGame/Assets
GfxDevice: creating device client; threaded=0
Direct3D:
    Version:  Direct3D 11.0 [level 11.1]
    Renderer: NVIDIA GeForce GTX 1050 (ID=0x1c91)
    Vendor:   
    VRAM:     2996 MB
    Driver:   30.0.14.9729
Initialize mono
Mono path[0] = 'C:/Program Files/Unity/Hub/Editor/2020.2.2f1/Editor/Data/Managed'
Mono path[1] = 'C:/Program Files/Unity/Hub/Editor/2020.2.2f1/Editor/Data/MonoBleedingEdge/lib/mono/unityjit'
Mono config path = 'C:/Program Files/Unity/Hub/Editor/2020.2.2f1/Editor/Data/MonoBleedingEdge/etc'
Using monoOptions --debugger-agent=transport=dt_socket,embedding=1,server=y,suspend=n,address=127.0.0.1:56880
Begin MonoManager ReloadAssembly
Registering precompiled unity dll's ...
Register platform support module: C:/Program Files/Unity/Hub/Editor/2020.2.2f1/Editor/Data/PlaybackEngines/WebGLSupport/UnityEditor.WebGL.Extensions.dll
Register platform support module: C:/Program Files/Unity/Hub/Editor/2020.2.2f1/Editor/Data/PlaybackEngines/MacStandaloneSupport/UnityEditor.OSXStandalone.Extensions.dll
Register platform support module: C:/Program Files/Unity/Hub/Editor/2020.2.2f1/Editor/Data/PlaybackEngines/WindowsStandaloneSupport/UnityEditor.WindowsStandalone.Extensions.dll
Register platform support module: C:/Program Files/Unity/Hub/Editor/2020.2.2f1/Editor/Data/PlaybackEngines/LinuxStandaloneSupport/UnityEditor.LinuxStandalone.Extensions.dll
Register platform support module: C:/Program Files/Unity/Hub/Editor/2020.2.2f1/Editor/Data/PlaybackEngines/LuminSupport/UnityEditor.Lumin.Extensions.dll
Registered in 0.006867 seconds.
Native extension for Lumin target not found
Native extension for LinuxStandalone target not found
Native extension for WindowsStandalone target not found
Native extension for OSXStandalone target not found
Native extension for WebGL target not found
Refreshing native plugins compatible for Editor in 39.55 ms, found 0 plugins.
Preloading 0 native plugins for Editor in 0.00 ms.
Invoked RoslynAnalysisRunner static constructor.
RoslynAnalysisRunner will not be running.
RoslynAnalysisRunner has terminated.
Mono: successfully reloaded assembly
- Completed reload, in  3.470 seconds
Platform modules already initialized, skipping
Registering precompiled user dll's ...
Registered in 0.006551 seconds.
Begin MonoManager ReloadAssembly
Native extension for Lumin target not found
Native extension for LinuxStandalone target not found
Native extension for WindowsStandalone target not found
Native extension for OSXStandalone target not found
Native extension for WebGL target not found
Refreshing native plugins compatible for Editor in 0.47 ms, found 0 plugins.
Preloading 0 native plugins for Editor in 0.00 ms.
Invoked RoslynAnalysisRunner static constructor.
RoslynAnalysisRunner will not be running.
RoslynAnalysisRunner has terminated.
Mono: successfully reloaded assembly
- Completed reload, in  1.828 seconds
Platform modules already initialized, skipping
========================================================================
Worker process is ready to serve import requests
Launched and connected shader compiler UnityShaderCompiler.exe after 0.06 seconds
Refreshing native plugins compatible for Editor in 0.56 ms, found 0 plugins.
Preloading 0 native plugins for Editor in 0.00 ms.
Unloading 1520 Unused Serialized files (Serialized files now loaded: 0)
System memory in use before: 85.0 MB.
System memory in use after: 85.1 MB.

Unloading 81 unused Assets to reduce memory usage. Loaded Objects now: 2003.
Total: 31.806600 ms (FindLiveObjects: 0.448800 ms CreateObjectMapping: 0.217900 ms MarkObjects: 30.835300 ms  DeleteObjects: 0.301200 ms)

========================================================================
Received Import Request.
  path: Assets/RagDoll/Scenes/MainMenu.unity
  artifactKey: Guid(a540a6e3c049e8b408be66715b082e11) Importer(815301076,1909f56bfc062723c751e8b465ee728b)
Start importing Assets/RagDoll/Scenes/MainMenu.unity using Guid(a540a6e3c049e8b408be66715b082e11) Importer(815301076,1909f56bfc062723c751e8b465ee728b)  -> (artifact id: '91890369ca83af83a05c7410957058cb') in 0.018611 seconds
  Import took 0.022134 seconds .

========================================================================
Received Import Request.
  Time since last request: 0.000264 seconds.
  path: Assets/Resources
  artifactKey: Guid(d34a12426f4af074ba7e77ce3e44ed0d) Importer(815301076,1909f56bfc062723c751e8b465ee728b)
Start importing Assets/Resources using Guid(d34a12426f4af074ba7e77ce3e44ed0d) Importer(815301076,1909f56bfc062723c751e8b465ee728b)  -> (artifact id: 'fe1dd9ce0c1f0bc0d58c80f3c8387a72') in 0.010252 seconds
  Import took 0.013217 seconds .

========================================================================
Received Import Request.
  Time since last request: 0.000226 seconds.
  path: Assets/RagDoll/Sprites
  artifactKey: Guid(a36792d820cacf24ab3bd43ead2785b1) Importer(815301076,1909f56bfc062723c751e8b465ee728b)
Start importing Assets/RagDoll/Sprites using Guid(a36792d820cacf24ab3bd43ead2785b1) Importer(815301076,1909f56bfc062723c751e8b465ee728b)  -> (artifact id: 'b949ca4a136092a1250b41e29d593dd3') in 0.007902 seconds
  Import took 0.010801 seconds .

========================================================================
Received Import Request.
  Time since last request: 0.000251 seconds.
  path: Assets/RagDoll/Scenes/Level One.unity
  artifactKey: Guid(5247369d2214eff4eb79faa64a98ec91) Importer(815301076,1909f56bfc062723c751e8b465ee728b)
Start importing Assets/RagDoll/Scenes/Level One.unity using Guid(5247369d2214eff4eb79faa64a98ec91) Importer(815301076,1909f56bfc062723c751e8b465ee728b)  -> (artifact id: '0e5dbcb48d57f6b2f4cb52e14b6eb38b') in 0.007886 seconds
  Import took 0.010750 seconds .

========================================================================
Received Prepare
Registering precompiled user dll's ...
Registered in 0.010266 seconds.
Begin MonoManager ReloadAssembly
Native extension for Lumin target not found
Native extension for LinuxStandalone target not found
Native extension for WindowsStandalone target not found
Native extension for OSXStandalone target not found
Native extension for WebGL target not found
Refreshing native plugins compatible for Editor in 0.67 ms, found 0 plugins.
Preloading 0 native plugins for Editor in 0.00 ms.
Warning: Annotation not found!
UnityEngine.StackTraceUtility:ExtractStackTrace ()
UnityEditor.ProBuilder.EditorUtility:SetGizmoIconEnabled (System.Type,bool) (at Library/PackageCache/com.unity.probuilder@4.4.0/Editor/EditorCore/EditorUtility.cs:593)
UnityEditor.ProBuilder.HierarchyListener:.cctor () (at Library/PackageCache/com.unity.probuilder@4.4.0/Editor/EditorCore/HierarchyListener.cs:21)
System.Runtime.CompilerServices.RuntimeHelpers:RunClassConstructor (System.RuntimeTypeHandle)
UnityEditor.EditorAssemblies:ProcessInitializeOnLoadAttributes (System.Type[])

[Library/PackageCache/com.unity.probuilder@4.4.0/Editor/EditorCore/EditorUtility.cs line 593]

Invoked RoslynAnalysisRunner static constructor.
RoslynAnalysisRunner will not be running.
RoslynAnalysisRunner has terminated.
Mono: successfully reloaded assembly
- Completed reload, in  1.884 seconds
Platform modules already initialized, skipping
Refreshing native plugins compatible for Editor in 0.50 ms, found 0 plugins.
Preloading 0 native plugins for Editor in 0.00 ms.
Unloading 1473 Unused Serialized files (Serialized files now loaded: 0)
System memory in use before: 96.6 MB.
System memory in use after: 96.6 MB.

Unloading 15 unused Assets to reduce memory usage. Loaded Objects now: 2005.
Total: 28.248500 ms (FindLiveObjects: 0.541000 ms CreateObjectMapping: 0.260800 ms MarkObjects: 27.303200 ms  DeleteObjects: 0.140000 ms)

========================================================================
Received Import Request.
  Time since last request: 76.317500 seconds.
  path: Assets/RagDoll/Scenes/Level Two.unity
  artifactKey: Guid(b93f2ca71b5f8b5439212986995b2f19) Importer(815301076,1909f56bfc062723c751e8b465ee728b)
Start importing Assets/RagDoll/Scenes/Level Two.unity using Guid(b93f2ca71b5f8b5439212986995b2f19) Importer(815301076,1909f56bfc062723c751e8b465ee728b)  -> (artifact id: 'de4e8526d5867d87f980e18785b394e8') in 0.026569 seconds
  Import took 0.031938 seconds .

========================================================================
Received Import Request.
  Time since last request: 0.329567 seconds.
  path: Assets/RagDoll/Scenes/Level Two.unity
  artifactKey: Guid(b93f2ca71b5f8b5439212986995b2f19) Importer(815301076,1909f56bfc062723c751e8b465ee728b)
Start importing Assets/RagDoll/Scenes/Level Two.unity using Guid(b93f2ca71b5f8b5439212986995b2f19) Importer(815301076,1909f56bfc062723c751e8b465ee728b)  -> (artifact id: 'de4e8526d5867d87f980e18785b394e8') in 0.016286 seconds
  Import took 0.019980 seconds .

========================================================================
Received Import Request.
  Time since last request: 21.499396 seconds.
  path: Assets/RagDoll/Scenes/Ragdoll.unity
  artifactKey: Guid(4675ca7d5e4f6044bb0b6e4cb913d5f0) Importer(815301076,1909f56bfc062723c751e8b465ee728b)
Start importing Assets/RagDoll/Scenes/Ragdoll.unity using Guid(4675ca7d5e4f6044bb0b6e4cb913d5f0) Importer(815301076,1909f56bfc062723c751e8b465ee728b)  -> (artifact id: 'b884c84909a14df54bd1ddebb67f35c6') in 0.024975 seconds
  Import took 0.029539 seconds .

========================================================================
Received Prepare
Registering precompiled user dll's ...
Registered in 0.007199 seconds.
Begin MonoManager ReloadAssembly
Native extension for Lumin target not found
Native extension for LinuxStandalone target not found
Native extension for WindowsStandalone target not found
Native extension for OSXStandalone target not found
Native extension for WebGL target not found
Refreshing native plugins compatible for Editor in 0.50 ms, found 0 plugins.
Preloading 0 native plugins for Editor in 0.00 ms.
Warning: Annotation not found!
UnityEngine.StackTraceUtility:ExtractStackTrace ()
UnityEditor.ProBuilder.EditorUtility:SetGizmoIconEnabled (System.Type,bool) (at Library/PackageCache/com.unity.probuilder@4.4.0/Editor/EditorCore/EditorUtility.cs:593)
UnityEditor.ProBuilder.HierarchyListener:.cctor () (at Library/PackageCache/com.unity.probuilder@4.4.0/Editor/EditorCore/HierarchyListener.cs:21)
System.Runtime.CompilerServices.RuntimeHelpers:RunClassConstructor (System.RuntimeTypeHandle)
UnityEditor.EditorAssemblies:ProcessInitializeOnLoadAttributes (System.Type[])

[Library/PackageCache/com.unity.probuilder@4.4.0/Editor/EditorCore/EditorUtility.cs line 593]

Invoked RoslynAnalysisRunner static constructor.
RoslynAnalysisRunner will not be running.
RoslynAnalysisRunner has terminated.
Mono: successfully reloaded assembly
- Completed reload, in  1.558 seconds
Platform modules already initialized, skipping
Refreshing native plugins compatible for Editor in 0.44 ms, found 0 plugins.
Preloading 0 native plugins for Editor in 0.00 ms.
Unloading 1473 Unused Serialized files (Serialized files now loaded: 0)
System memory in use before: 96.9 MB.
System memory in use after: 96.9 MB.

Unloading 15 unused Assets to reduce memory usage. Loaded Objects now: 2007.
Total: 22.729700 ms (FindLiveObjects: 0.250700 ms CreateObjectMapping: 0.064100 ms MarkObjects: 22.300200 ms  DeleteObjects: 0.111700 ms)

========================================================================
Received Import Request.
  Time since last request: 11.332211 seconds.
  path: Assets/RagDoll/Scripts/Mechanics/RagScore.cs
  artifactKey: Guid(07cdeb7c9b476ed4fa49c46685b794c1) Importer(815301076,1909f56bfc062723c751e8b465ee728b)
Start importing Assets/RagDoll/Scripts/Mechanics/RagScore.cs using Guid(07cdeb7c9b476ed4fa49c46685b794c1) Importer(815301076,1909f56bfc062723c751e8b465ee728b)  -> (artifact id: '06f1e46bc403d0f9bdf9d7cc623c4df7') in 0.044171 seconds
  Import took 0.048981 seconds .

========================================================================
Received Import Request.
  Time since last request: 0.834794 seconds.
  path: Assets/RagDoll/Scripts/Mechanics/MouseDrag.cs
  artifactKey: Guid(284e43d2a26149546b1b8d04386edc67) Importer(815301076,1909f56bfc062723c751e8b465ee728b)
Start importing Assets/RagDoll/Scripts/Mechanics/MouseDrag.cs using Guid(284e43d2a26149546b1b8d04386edc67) Importer(815301076,1909f56bfc062723c751e8b465ee728b)  -> (artifact id: 'c4633764c27e55d8c18c07f802d225a2') in 0.037357 seconds
  Import took 0.061015 seconds .

========================================================================
Received Import Request.
  Time since last request: 0.489917 seconds.
  path: Assets/RagDoll/Scripts/Mechanics/LimbCollision.cs
  artifactKey: Guid(7c206bed3b235a64abe3923f09dd60d2) Importer(815301076,1909f56bfc062723c751e8b465ee728b)
Start importing Assets/RagDoll/Scripts/Mechanics/LimbCollision.cs using Guid(7c206bed3b235a64abe3923f09dd60d2) Importer(815301076,1909f56bfc062723c751e8b465ee728b)  -> (artifact id: 'f2dba7b0d116b0b8f346f8abb3bad54f') in 0.026790 seconds
  Import took 0.032678 seconds .

AssetImportWorkerClient::OnTransportError - code=2 error=End of file
